1578846195890	mozrunner::runner	INFO	Running command: "C:\\Program Files\\Mozilla Firefox\\firefox.exe" "-marionette" "-foreground" "-no-remote" "-profile" "C:\\Users\\Amber\\AppData\\Local\\Temp\\rust_mozprofile8gIgM5"
1578846198297	addons.webextension.doh-rollout@mozilla.org	WARN	Loading extension 'doh-rollout@mozilla.org': Reading manifest: Invalid extension permission: networkStatus
1578846198399	addons.webextension.screenshots@mozilla.org	WARN	Loading extension 'screenshots@mozilla.org': Reading manifest: Invalid extension permission: mozillaAddons
1578846198399	addons.webextension.screenshots@mozilla.org	WARN	Loading extension 'screenshots@mozilla.org': Reading manifest: Invalid extension permission: telemetry
1578846198399	addons.webextension.screenshots@mozilla.org	WARN	Loading extension 'screenshots@mozilla.org': Reading manifest: Invalid extension permission: resource://pdf.js/
1578846198399	addons.webextension.screenshots@mozilla.org	WARN	Loading extension 'screenshots@mozilla.org': Reading manifest: Invalid extension permission: about:reader*
JavaScript error: resource://gre/modules/XULStore.jsm, line 66: Error: Can't find profile directory.
1578846203156	Marionette	INFO	Listening on port 56063
1578846203239	Marionette	WARN	TLS certificate errors will be ignored for this session
1578846486501	Marionette	INFO	Stopped listening on port 55952

###!!! [Child][RunMessage] Error: Channel closing: too late to send/recv, messages will be lost


###!!! [Child][MessageChannel::SendAndWait] Error: Channel error: cannot send/recv

uncaught exception: Object
JavaScript error: , line 0: uncaught exception: Object
JavaScript error: , line 0: uncaught exception: Object
JavaScript error: , line 0: uncaught exception: Object
JavaScript error: , line 0: uncaught exception: Object
JavaScript error: , line 0: uncaught exception: Object
JavaScript error: , line 0: uncaught exception: Object

###!!! [Child][RunMessage] Error: Channel closing: too late to send/recv, messages will be lost


###!!! [Child][RunMessage] Error: Channel closing: too late to send/recv, messages will be lost


###!!! [Child][RunMessage] Error: Channel closing: too late to send/recv, messages will be lost

JavaScript error: , line 0: AbortError: A request was aborted, for example through a call to IDBTransaction.abort.
1578846382042	Marionette	INFO	Stopped listening on port 56063

###!!! [Child][MessageChannel::SendAndWait] Error: Channel error: cannot send/recv

eChannel] Error: (msgtype=0x580024,name=PHttpChannel::Msg_OnStatus) Channel error: cannot send/recv


###!!! [Parent][MessageChannel] Error: (msgtype=0x580024,name=PHttpChannel::Msg_OnStatus) Channel error: cannot send/recv


###!!! [Parent][MessageChannel] Error: (msgtype=0x580013,name=PHttpChannel::Msg_OnStartRequest) Channel error: cannot send/recv


###!!! [Parent][MessageChannel] Error: (msgtype=0x580024,name=PHttpChannel::Msg_OnStatus) Channel error: cannot send/recv


###!!! [Parent][MessageChannel] Error: (msgtype=0x580024,name=PHttpChannel::Msg_OnStatus) Channel error: cannot send/recv


###!!! [Parent][MessageChannel] Error: (msgtype=0x580013,name=PHttpChannel::Msg_OnStartRequest) Channel error: cannot JavaScript error: resource://gre/actors/BrowserElementParent.jsm, line 314: TypeError: state is undefined
JavaScript error: , line 0: NS_ERROR_UNEXPECTED: 
JavaScript error: resource://gre/actors/BrowserElementParent.jsm, line 314: TypeError: state is undefined
JavaScript error: , line 0: NS_ERROR_UNEXPECTED: 
console.warn: "Inspector destroyed while executing onReflow callback"

###!!! [Child][RunMessage] Error: Channel closing: too late to send/recv, messages will be lost

1578841481421	Marionette	INFO	Stopped listening on port 52790
sessionstore/SessionStore.jsm, line 1845: TypeError: subject.QueryInterface is not a function
A content process crashed and MOZ_CRASHREPORTER_SHUTDOWN is set, shutting down
1578840825328	Marionette	INFO	Stopped listening on port 53995
[Parent 16200, Gecko_IOThread] WARNING: pipe error: 232: file z:/task_1578433236/build/src/ipc/chromium/src/chrome/common/ipc_channel_win.cc, line 507

###!!! [Child][MessageChannel::SendAndWait] Error: Channel error: cannot send/recv

JavaScript error: resource:///modules/sessionstore/SessionStore.jsm, line 5167: NS_ERROR_UNEXPECTED: Component returned failure code: 0x8000ffff (NS_ERROR_UNEXPECTED) [nsIWindowMediator.getEnumerator]
cZ6GqHvT5WOIXgoRNaAK-UrI8an1cQFmAdEenVPoQ48O-6bRKNEuoMobIYA01jaX8U3zc2auaIg9hJdq8c92gOhIEuKcJNHC9bRGBr67ks40Uw4Z98HfdrTxlE6JBTm87cl97TKkIvRecfV6CHfbKNociIwgNGR71waTCF5qyBk1dPOgLDcSmSMiTkP0d2iIrGuh12mfnpQ7bGPPi82Cvi2TC5xCg556CA-6cIVT9V2dwlOxmeP1saayR1dCn57KYlCffCDQ2f-qHqXzPmiZDN_1pIqkzEhJ5XwZBM1E14lB1HeacNNZcrS9hrx2qCJn5KeAYQ2evxJyDaR4PqshphYkBRhf5uZ9q8nMZL3iv8kG5sXK_YoA-qB3_lon_CSJe3T-WKsyLp7e0OO68tMz0rGrDnump-B2sszbFi-nZboFv7nbuw_pdpOJRv5VnxlI9yNTHkHkkW2XxTKgY0kXgW-Adr0iDxKJCeWeaEDhHI2A30DpH-uqlhaFZIopX37S-O-GO-cK_68t6ABCZvT29hPnAz2rXyw3CHgNmBRG9XbV5_oYnYTE-yRssIfrd9n8hgmv0WHeuAr4sRuKF8GsZIiGU5HJInQvKZ4qZ2O1_BaZWqSR5VUo-r_ywstinOLnOOLPjcnJjyHNmS06yLxvzIx_U43tBd5f9e2ChOYU3mR7gwxpCzwmCm3M2jorGO9VFG63Zv3wRcVsH137Gr1aq2Enme5dOAnXe7iNmAeFtFwCoB8rTKPkW4mK3-4JGKGUfNlrX0EjFdlgq54mtLVkKrRyRtj1NlABjkHywpsYKe605MWHGL6c1SECca1L0fTT51PgMC0heWf9S6CG_uWv3F0BrD-d4RvUApqJ5CDVP4ULwhZ-ke2OvDdk-Nlouaph7CU8WlKfiH11Cg0H1Qi0zkhtTKMxgaWTVB7NEwoZkcMjFuZmCy6NJH_jznAGnopAqb0d7gy9XQetyGXEc3gSH7A5Td2cU3N2oPINiPMcNBlAnHSLH9H-uVu8UbJ2wH0GIe6qsIRSReXFqQOkByl9fmMF7wznS2_y55-uVp1W6TSe1g80kDbuCiDt79TCdqSnwRnSi6Ty-qyjgEZfZ2dmFE111ub2UWd-NURzvT0WyZN4KxOzDMod50nkHuiFjN6yb1V7pHj7l_wEHoHkh9bSU5pRtQ-Gzw-zUFm9JnLQewI0_-noVHBRcXRAuzx4sSPaGQnk0kMe&cid=CAASPeRoiFkH_IUHoscqbStclqmym4V9pWWR3kCwa1XHMundgRnRBaVpHPHFOSdQrzIhK2f19MrOCdbKwGQ8LmE, line 1: Error: Script terminated by timeout at:
window.clsn/<@https://googleads.g.doubleclick.net/dbm/ad?dbm_c=AKAmf-C_6VElaSmCPzJupOABWuvo04YFhL9KnPpahY68VFd46UUuN4bVmr7LMVfVe5vUMXjMZUVGbNKZ4Dtuq-5P2MMRvui6fg&cry=1&dbm_d=AKAmf-Ahe6InkspO2nRGpI08yx6kBQZQV25JjCTYpScQEo1AqT8NKe9pBn5HpTYKJxSHjWP346e5eTofH7N3nvDrfMYA3fqIBnUxyIzLm6LPM6rcLSV1TbjyKTnXdpcrapUTm-h0GeJyqT1Go19ur5Bdhrd-0T2_kmUfphRfpEHiR5pVL_9p60GSmu4wZMuyWT95KZd5UaqybBIYiEz9D6SXyRet6bq5oGE5rdc9z_eUCg3OiCphhT08OXLDMxtABgMz6MGcFSEU1USSTZFVs4VpLIwXCgPFauBylOLMT1HNL6r0KPI4Lr3l7qCWCBl-IBRo_23_L6hLqnBtfsvJV1hUa4mFlZyCzsYrjJvEThWBfeSjApeZmtk2yda8hhRv5_ikxPyyWIfKrjmtWcKxzn81e2s70viNjnic_RaYAkZ-LeqUJ60WlB-LCREs3I_2xxCAsJntdBU8hUgMxTVbIiKLkjnrXfLQWdBI0HZVawudKFqu1gEvddDBVk2JPW88ebc9uF8RpjiCj7HZ8XgJ6kjC_Ew4eeovYwBJhN2lVvkwtroJYdjA-WQ1QDaAjqgs7k9248g5KVIUUVtjrr-UF8470bJKMPbTaS63Nd87DTYEquqztWrCfVtDksvpsOqrNQpvNaptynZr6PtCkA6PUbZ-5Xir162H8q1pcRY_OatFPUTZcr9oTEd-fOSBzzElDmBXYzrFgv4pq1GIMsjXlMeVwDt8n1VbLFEBlBSm0x07S0y48OGaMXMZg55i2JjHpE2o9NSPeYppuOYeKWq_TyS40bwKYpoEsHzOHm2piBNiO8EV49Q7fz-GtX-t5ffjMJZ_m3sGv572QEOC36waQz3_N4_aXTqaPJ7E0gpJTZJ5dRkRoUecQAsJerj-F2BsHo2d-4uwLl1c_Cv2Pp3HzT1Prbj48XtiMBRyQh8hwJet--ue8nbTRFtWsqSVLKKw-EC16fPQPXEdmDa5ECVbkNWmjBNkL8osoFnoJLHsJuDEKsQFByWvzk_5GcPXufLkvr0iYN8C8Ag7sziLMsaYLshXCf863x3q4EtmMHhuAmYyMxR3uruBl5e5DCCL8u57HoyPNbMhsnpDUYJHsEjRL3W2ILc8cozuTU85bj-mGRIVGKeDKjkOTK1bgqPJt24W4ou48is6DppgceF-KSPi-xv3eOFAybsZOxPY6fPQdc-qiwho9lv_JZTPWylywoudUYumV2PmB6J4wE4WNciZl_kDHLvgaTBCVaUZCNE3Q1UbZDVthAWg5cwADLkm1fpX7am3sqdUCjaR2u3bBr51XSlezJI1DA5R4etgCw4jhfZfS04fHFDIaGT1NSk9kHPo56ls6gsBPbJTpOZtYVGMl6ZD8XSZGSXxd6TuLo81zE5ClasF_FM8ko1WL181A7CTZuMyzevfJMoyjSm0uxT4dCWoaADSuyU79OWOdsLr0TTDPqYsGVFu03K5H5WoAm0qy_zwSGor4HyxowdQsAcSplhA66QOsJR-bSvJdE9YEtFIsMej_VtPqxXoMtL-Kh_MAy6ABlK1lLRktbc1DDDm8Pq9r8X1A_vYdwmMHycL0DQb3wtQUpmhXnL-uicwgPAptIJDqvKkrtMBEOEiBfag6W8ThGwoq0E40Co7xu3WOaHJhzeqtgblFzz84_bFZtthuRWjybmT9qDOwcfKeEUZr1P_ZvGnCBxDwksm1AmlrVCZ5WAOrByrwIaNX2sVLrdTDKn2NdOVRCD005cQZgVkm8pNZIqKqdjEZvLBCxksBLAR5JPz5txPhHKK9_pDg0sOc1cjZ8nOkdtDtRqUyLDOoiGLL1ya9GRtDuVaKTQIk-DlsLgXQHgtXRpNRwp5cfXbm3GQAF327k4oTo8bWdi7ORxkT_DQlhqgeQeEbUw22HSeeTACCtSiIZZZnQssSNIo_XjGRuyznnpJR3MmVfoqntLFiEgXrRspLMwF-SoKrKy2jR6q0v6ee97zWsrkSVqLj3Yvh940EhWY4vMuZ7zqX3QxTWBIIp03tujMfML9SDA0H1EUmOB7Nc-aQ2Xa2Z7rk7z1Gb-_TYaARI5NLJoXwRMIwj5lz7BujKNVYpSwyeu5Te3CvIeSHYmefBitMoLeFIWbAMh7_V83K84tP55BqbK9FrjU6V4wsDR5ePmOy3iD6YTVr74AuK29CLDV6fiH-aoLIh7HOOERrYHK-aRDbB4aXa5tXM78fZenZLRAAALcrNphFF9beQwgVbxd-WBh7qGU4_oIEUIVt1XUsN2NRKGV9stpL8bK-AwMesLUIF9WTTKshwsQLMABMzOHrw6-JDIcXrEOuuRSDx9sjiMhqWB2KMS6ZWsADQj9jXwTvibvfpEVdMu9EeKT-1gHoFHcsDNUcZ6GqHvT5WOIXgoRNaAK-UrI8an1cQFmAdEenVPoQ48O-6bRKNEuoMobIYA01jaX8U3zc2auaIg9hJdq8c92gOhIEuKcJNHC9bRGBr67ks40Uw4Z98HfdrTxlE6JBTm87cl97TKkIvRecfV6CHfbKNociIwgNGR71waTCF5qyBk1dPOgLDcSmSMiTkP0d2iIrGuh12mfnpQ7bGPPi82Cvi2TC5xCg556CA-6cIVT9V2dwlOxmeP1saayR1dCn57KYlCffCDQ2f-qHqXzPmiZDN_1pIqkzEhJ5XwZBM1E14lB1HeacNNZcrS9hrx2qCJn5KeAYQ2evxJyDaR4PqshphYkBRhf5uZ9q8nMZL3iv8kG5sXK_YoA-qB3_lon_CSJe3T-WKsyLp7e0OO68tMz0rGrDnump-B2sszbFi-nZboFv7nbuw_pdpOJRv5VnxlI9yNTHkHkkW2XxTKgY0kXgW-Adr0iDxKJCeWeaEDhHI2A30DpH-uqlhaFZIopX37S-O-GO-cK_68t6ABCZvT29hPnAz2rXyw3CHgNmBRG9XbV5_oYnYTE-yRssIfrd9n8hgmv0WHeuAr4sRuKF8GsZIiGU5HJInQvKZ4qZ2O1_BaZWqSR5VUo-r_ywstinOLnOOLPjcnJjyHNmS06yLxvzIx_U43tBd5f9e2ChOYU3mR7gwxpCzwmCm3M2jorGO9VFG63Zv3wRcVsH137Gr1aq2Enme5dOAnXe7iNmAeFtFwCoB8rTKPkW4mK3-4JGKGUfNlrX0EjFdlgq54mtLVkKrRyRtj1NlABjkHywpsYKe605MWHGL6c1SECca1L0fTT51PgMC0heWf9S6CG_uWv3F0BrD-d4RvUApqJ5CDVP4ULwhZ-ke2OvDdk-Nlouaph7CU8WlKfiH11Cg0H1Qi0zkhtTKMxgaWTVB7NEwoZkcMjFuZmCy6NJH_jznAGnopAqb0d7gy9XQetyGXEc3gSH7A5Td2cU3N2oPINiPMcNBlAnHSLH9H-uVu8UbJ2wH0GIe6qsIRSReXFqQOkByl9fmMF7wznS2_y55-uVp1W6TSe1g80kDbuCiDt79TCdqSnwRnSi6Ty-qyjgEZfZ2dmFE111ub2UWd-NURzvT0WyZN4KxOzDMod50nkHuiFjN6yb1V7pHj7l_wEHoHkh9bSU5pRtQ-Gzw-zUFm9JnLQewI0_-noVHBRcXRAuzx4sSPaGQnk0kMe&cid=CAASPeRoiFkH_IUHoscqbStclqmym4V9pWWR3kCwa1XHMundgRnRBaVpHPHFOSdQrzIhK2f19MrOCdbKwGQ8LmE:1:1348

JavaScript error: https://eus.rubiconproject.com/usync.html?gdpr=0&gdpr_consent=BOtDmKeOtDmKeDlABAENC3-AAAAm-AgAACAAoABsAGAAZAA4ACAAEgALYAZABoADgAHUAPQA-gCKAIwATIAoACiAFsANAAbQBCACKgEcASAAmgBPgClAFuAM4AcgA7QB-gGYASeAm8A, line 12: SecurityError: The operation is insecure.
JavaScript warning: https://www.google.com/xjs/_/js/k=xjs.s.en_GB.sZ9KDq-is7M.O/ck=xjs.s.0rfo-iBRJeg.L.F4.O/am=AAAAAIsAZt0AeP4PAgAAQB0DAAAC2gQbFgiChAyiwgQCEA/d=1/exm=Fkg7bd,HcFEGb,IvlUe,MC8mtf,OF7gzc,RMhBfe,T4BAC,TJw5qb,TbaHGc,Y33vzc,ZyRBae,cdos,cr,csi,d,hsm,iDPoPb,jsa,mvYTse,tg8oTe,uz938c,vWNDde,ws9Tlc,yQ43ff/ed=1/dg=2/ct=zgms/rs=ACT90oGrTdVSiaZn2aWtbcq8O6bwuxQA_w/m=DqdCgd,FU4nhc,GxIAgd,MkHyGd,NBZ7u,NZI0Db,NpD4ec,OG6ZHd,Oz381d,RI5Krb,RqxLvf,T6sTsf,T7XTS,TrMQ4c,TxZWcc,URQPYc,WgDvvc,Wq6lxf,XMgU6d,XjCeUc,ZB8u4,aCZVp,aa,aam1T,abd,aspn,async,bgd,dvl,eN4qad,ebqyud,exdc,foot,gfytPc,kyn,lazG7b,lcOrGe,lu,m,mI3LFb,mUpTid,mpck,mu,o02Jie,pB6Zqd,qik19b,qjr3nc,rHjpXd,sb_wiz,sf,tl,uiNkee,vs,wQpTuc,wkrYee,xz7cCd,zIWeZd,zbML3c?xjs=s1, line 745: Error: Script terminated by timeout at:
s_KEg@https://www.google.com/xjs/_/js/k=xjs.s.en_GB.sZ9KDq-is7M.O/ck=xjs.s.0rfo-iBRJeg.L.F4.O/am=AAAAAIsAZt0AeP4PAgAAQB0DAAAC2gQbFgiChAyiwgQCEA/d=1/exm=Fkg7bd,HcFEGb,IvlUe,MC8mtf,OF7gzc,RMhBfe,T4BAC,TJw5qb,TbaHGc,Y33vzc,ZyRBae,cdos,cr,csi,d,hsm,iDPoPb,jsa,mvYTse,tg8oTe,uz938c,vWNDde,ws9Tlc,yQ43ff/ed=1/dg=2/ct=zgms/rs=ACT90oGrTdVSiaZn2aWtbcq8O6bwuxQA_w/m=DqdCgd,FU4nhc,GxIAgd,MkHyGd,NBZ7u,NZI0Db,NpD4ec,OG6ZHd,Oz381d,RI5Krb,RqxLvf,T6sTsf,T7XTS,TrMQ4c,TxZWcc,URQPYc,WgDvvc,Wq6lxf,XMgU6d,XjCeUc,ZB8u4,aCZVp,aa,aam1T,abd,aspn,async,bgd,dvl,eN4qad,ebqyud,exdc,foot,gfytPc,kyn,lazG7b,lcOrGe,lu,m,mI3LFb,mUpTid,mpck,mu,o02Jie,pB6Zqd,qik19b,qjr3nc,rHjpXd,sb_wiz,sf,tl,uiNkee,vs,wQpTuc,wkrYee,xz7cCd,zIWeZd,zbML3c?xjs=s1:745:168
s_HEg@https://www.google.com/xjs/_/js/k=xjs.s.en_GB.sZ9KDq-is7M.O/ck=xjs.s.0rfo-iBRJeg.L.F4.O/am=AAAAAIsAZt0AeP4PAgAAQB0DAAAC2gQbFgiChAyiwgQCEA/d=1/exm=Fkg7bd,HcFEGb,IvlUe,MC8mtf,OF7gzc,RMhBfe,T4BAC,TJw5qb,TbaHGc,Y33vzc,ZyRBae,cdos,cr,csi,d,hsm,iDPoPb,jsa,mvYTse,tg8oTe,uz938c,vWNDde,ws9Tlc,yQ43ff/ed=1/dg=2/ct=zgms/rs=ACT90oGrTdVSiaZn2aWtbcq8O6bwuxQA_w/m=DqdCgd,FU4nhc,GxIAgd,MkHyGd,NBZ7u,NZI0Db,NpD4ec,OG6ZHd,Oz381d,RI5Krb,RqxLvf,T6sTsf,T7XTS,TrMQ4c,TxZWcc,URQPYc,WgDvvc,Wq6lxf,XMgU6d,XjCeUc,ZB8u4,aCZVp,aa,aam1T,abd,aspn,async,bgd,dvl,eN4qad,ebqyud,exdc,foot,gfytPc,kyn,lazG7b,lcOrGe,lu,m,mI3LFb,mUpTid,mpck,mu,o02Jie,pB6Zqd,qik19b,qjr3nc,rHjpXd,sb_wiz,sf,tl,uiNkee,vs,wQpTuc,wkrYee,xz7cCd,zIWeZd,zbML3c?xjs=s1:746:479
s_IEg.prototype.kb@https://www.google.com/xjs/_/js/k=xjs.s.en_GB.sZ9KDq-is7M.O/ck=xjs.s.0rfo-iBRJeg.L.F4.O/am=AAAAAIsAZt0AeP4PAgAAQB0DAAAC2gQbFgiChAyiwgQCEA/d=1/exm=Fkg7bd,HcFEGb,IvlUe,MC8mtf,OF7gzc,RMhBfe,T4BAC,TJw5qb,TbaHGc,Y33vzc,ZyRBae,cdos,cr,csi,d,hsm,iDPoPb,jsa,mvYTse,tg8oTe,uz938c,vWNDde,ws9Tlc,yQ43ff/ed=1/dg=2/ct=zgms/rs=ACT90oGrTdVSiaZn2aWtbcq8O6bwuxQA_w/m=DqdCgd,FU4nhc,GxIAgd,MkHyGd,NBZ7u,NZI0Db,NpD4ec,OG6ZHd,Oz381d,RI5Krb,RqxLvf,T6sTsf,T7XTS,TrMQ4c,TxZWcc,URQPYc,WgDvvc,Wq6lxf,XMgU6d,XjCeUc,ZB8u4,aCZVp,aa,aam1T,abd,aspn,async,bgd,dvl,eN4qad,ebqyud,exdc,foot,gfytPc,kyn,lazG7b,lcOrGe,lu,m,mI3LFb,mUpTid,mpck,mu,o02Jie,pB6Zqd,qik19b,qjr3nc,rHjpXd,sb_wiz,sf,tl,uiNkee,vs,wQpTuc,wkrYee,xz7cCd,zIWeZd,zbML3c?xjs=s1:747:124
s_a.nX@https://www.google.com/xjs/_/js/k=xjs.s.en_GB.sZ9KDq-is7M.O/ck=xjs.s.0rfo-iBRJeg.L.F4.O/m=Fkg7bd,HcFEGb,IvlUe,MC8mtf,OF7gzc,RMhBfe,T4BAC,TJw5qb,TbaHGc,Y33vzc,ZyRBae,cdos,cr,hsm,iDPoPb,jsa,mvYTse,tg8oTe,uz938c,vWNDde,ws9Tlc,yQ43ff,d,csi/am=AAAAAIsAZt0AeP4PAgAAQB0DAAAC2gQbFgiChAyiwgQCEA/d=1/dg=2/ct=zgms/rs=ACT90oGrTdVSiaZn2aWtbcq8O6bwuxQA_w:409:210
s_a.dispatchEvent@https://www.google.com/xjs/_/js/k=xjs.s.en_GB.sZ9KDq-is7M.O/ck=xjs.s.0rfo-iBRJeg.L.F4.O/m=Fkg7bd,HcFEGb,IvlUe,MC8mtf,OF7gzc,RMhBfe,T4BAC,TJw5qb,TbaHGc,Y33vzc,ZyRBae,cdos,cr,hsm,iDPoPb,jsa,mvYTse,tg8oTe,uz938c,vWNDde,ws9Tlc,yQ43ff,d,csi/am=AAAAAIsAZt0AeP4PAgAAQB0DAAAC2gQbFgiChAyiwgQCEA/d=1/dg=2/ct=zgms/rs=ACT90oGrTdVSiaZn2aWtbcq8O6bwuxQA_w:407:385
s_A_.prototype.Ca@https://www.google.com/xjs/_/js/k=xjs.s.en_GB.sZ9KDq-is7M.O/ck=xjs.s.0rfo-iBRJeg.L.F4.O/am=AAAAAIsAZt0AeP4PAgAAQB0DAAAC2gQbFgiChAyiwgQCEA/d=1/exm=Fkg7bd,HcFEGb,IvlUe,MC8mtf,OF7gzc,RMhBfe,T4BAC,TJw5qb,TbaHGc,Y33vzc,ZyRBae,cdos,cr,csi,d,hsm,iDPoPb,jsa,mvYTse,tg8oTe,uz938c,vWNDde,ws9Tlc,yQ43ff/ed=1/dg=2/ct=zgms/rs=ACT90oGrTdVSiaZn2aWtbcq8O6bwuxQA_w/m=DqdCgd,FU4nhc,GxIAgd,MkHyGd,NBZ7u,NZI0Db,NpD4ec,OG6ZHd,Oz381d,RI5Krb,RqxLvf,T6sTsf,T7XTS,TrMQ4c,TxZWcc,URQPYc,WgDvvc,Wq6lxf,XMgU6d,XjCeUc,ZB8u4,aCZVp,aa,aam1T,abd,aspn,async,bgd,dvl,eN4qad,ebqyud,exdc,foot,gfytPc,kyn,lazG7b,lcOrGe,lu,m,mI3LFb,mUpTid,mpck,mu,o02Jie,pB6Zqd,qik19b,qjr3nc,rHjpXd,sb_wiz,sf,tl,uiNkee,vs,wQpTuc,wkrYee,xz7cCd,zIWeZd,zbML3c?xjs=s1:721:277
s_7ha@https://www.google.com/xjs/_/js/k=xjs.s.en_GB.sZ9KDq-is7M.O/ck=xjs.s.0rfo-iBRJeg.L.F4.O/m=Fkg7bd,HcFEGb,IvlUe,MC8mtf,OF7gzc,RMhBfe,T4BAC,TJw5qb,TbaHGc,Y33vzc,ZyRBae,cdos,cr,hsm,iDPoPb,jsa,mvYTse,tg8oTe,uz938c,vWNDde,ws9Tlc,yQ43ff,d,csi/am=AAAAAIsAZt0AeP4PAgAAQB0DAAAC2gQbFgiChAyiwgQCEA/d=1/dg=2/ct=zgms/rs=ACT90oGrTdVSiaZn2aWtbcq8O6bwuxQA_w:327:230
s_5ha@https://www.google.com/xjs/_/js/k=xjs.s.en_GB.sZ9KDq-is7M.O/ck=xjs.s.0rfo-iBRJeg.L.F4.O/m=Fkg7bd,HcFEGb,IvlUe,MC8mtf,OF7gzc,RMhBfe,T4BAC,TJw5qb,TbaHGc,Y33vzc,ZyRBae,cdos,cr,hsm,iDPoPb,jsa,mvYTse,tg8oTe,uz938c,vWNDde,ws9Tlc,yQ43ff,d,csi/am=AAAAAIsAZt0AeP4PAgAAQB0DAAAC2gQbFgiChAyiwgQCEA/d=1/dg=2/ct=zgms/rs=ACT90oGrTdVSiaZn2aWtbcq8O6bwuxQA_w:328:249
s_3ha/b<@https://www.google.com/xjs/_/js/k=xjs.s.en_GB.sZ9KDq-is7M.O/ck=xjs.s.0rfo-iBRJeg.L.F4.O/m=Fkg7bd,HcFEGb,IvlUe,MC8mtf,OF7gzc,RMhBfe,T4BAC,TJw5qb,TbaHGc,Y33vzc,ZyRBae,cdos,cr,hsm,iDPoPb,jsa,mvYTse,tg8oTe,uz938c,vWNDde,ws9Tlc,yQ43ff,d,csi/am=AAAAAIsAZt0AeP4PAgAAQB0DAAAC2gQbFgiChAyiwgQCEA/d=1/dg=2/ct=zgms/rs=ACT90oGrTdVSiaZn2aWtbcq8O6bwuxQA_w:324:277

JavaScript warning: https://www.googletagservices.com/activeview/js/current/osd_listener.js?cache=r20110914, line 6: Error: Script terminated by timeout at:
Rc/<@https://www.googletagservices.com/activeview/js/current/osd_listener.js?cache=r20110914:6:17698
Qa@https://www.googletagservices.com/activeview/js/current/osd_listener.js?cache=r20110914:6:5360
Rc@https://www.googletagservices.com/activeview/js/current/osd_listener.js?cache=r20110914:6:17679
Mg@https://www.googletagservices.com/activeview/js/current/osd_listener.js?cache=r20110914:6:57017
ig@https://www.googletagservices.com/activeview/js/current/osd_listener.js?cache=r20110914:6:60147
jg.prototype.a@https://www.googletagservices.com/activeview/js/current/osd_listener.js?cache=r20110914:6:50434
Uf/<@https://www.googletagservices.com/activeview/js/current/osd_listener.js?cache=r20110914:6:46607
w@https://www.googletagservices.com/activeview/js/current/osd_listener.js?cache=r20110914:6:3753
Uf@https://www.googletagservices.com/activeview/js/current/osd_listener.js?cache=r20110914:6:46580
Kg/<@https://www.googletagservices.com/activeview/js/current/osd_listener.js?cache=r20110914:6:59486
w@https://www.googletagservices.com/activeview/js/current/osd_listener.js?cache=r20110914:6:3753
Kg@https://www.googletagservices.com/activeview/js/current/osd_listener.js?cache=r20110914:6:59456
Ig@https://www.googletagservices.com/activeview/js/current/osd_listener.js?cache=r20110914:6:56448
Eg.prototype.lb@https://www.googletagservices.com/activeview/js/current/osd_listener.js?cache=r20110914:6:56157
Qe/a.a<@https://www.googletagservices.com/activeview/js/current/osd_listener.js?cache=r20110914:6:35221
Wd/</<@https://www.googletagservices.com/activeview/js/current/osd_listener.js?cache=r20110914:6:26931
Td/<@https://www.googletagservices.com/activeview/js/current/osd_listener.js?cache=r20110914:6:26473
Bd/<@https://www.googletagservices.com/activeview/js/current/osd_listener.js?cache=r20110914:6:23641
Td@https://www.googletagservices.com/activeview/js/current/osd_listener.js?cache=r20110914:6:26781
Wd/<@https://www.googletagservices.com/activeview/js/current/osd_listener.js?cache=r20110914:6:26904
Bd/<@https://www.googletagservices.com/activeview/js/current/osd_listener.js?cache=r20110914:6:23641
Bd/<@https://www.googletagservices.com/activeview/js/current/osd_listener.js?cache=r20110914:6:23685

JavaScript error: https://eus.rubiconproject.com/usync.html?gdpr=0&gdpr_consent=BOtDmWjOtDmWjDlABAENC3-AAAAm-AgAACAAoABsAGAAZAA4ACAAEgALYAZABoADgAHUAPQA-gCKAIwATIAoACiAFsANAAbQBCACKgEcASAAmgBPgClAFuAM4AcgA7QB-gGYASeAm8A, line 12: SecurityError: The operation is insecure.

###!!! [Parent][RunMessage] Error: Channel error: cannot send/recv


###!!! [Parent][RunMessage] Error: Channel error: cannot send/recv


###!!! [Parent][RunMessage] Error: Channel error: cannot send/recv


###!!! [Parent][RunMessage] Error: Channel error: cannot send/recv


###!!! [Parent][RunMessage] Error: Channel error: cannot send/recv


###!!! [Parent][RunMessage] Error: Channel error: cannot send/recv


###!!! [Parent][RunMessage] Error: Channel error: cannot send/recv


###!!! [Parent][RunMessage] Error: Channel error: cannot send/recv


###!!! [Parent][RunMessage] Error: Channel error: cannot send/recv


###!!! [Parent][RunMessage] Error: Channel error: cannot send/recv


###!!! [Parent][RunMessage] Error: Channel error: cannot send/recv


###!!! [Parent][RunMessage] Error: Channel error: cannot send/recv


###!!! [Parent][RunMessage] Error: Channel error: cannot send/recv


###!!! [Parent][RunMessage] Error: Channel error: cannot send/recv


###!!! [Parent][RunMessage] Error: Channel error: cannot send/recv


###!!! [Parent][RunMessage] Error: Channel error: cannot send/recv


###!!! [Parent][RunMessage] Error: Channel error: cannot send/recv


###!!! [Parent][RunMessage] Error: Channel error: cannot send/recv


###!!! [Parent][RunMessage] Error: Channel error: cannot send/recv


###!!! [Parent][RunMessage] Error: Channel error: cannot send/recv


###!!! [Parent][RunMessage] Error: Channel error: cannot send/recv


###!!! [Parent][RunMessage] Error: Channel error: cannot send/recv


###!!! [Parent][RunMessage] Error: Channel error: cannot send/recv


###!!! [Parent][MessageChannel] Error: (msgtype=0xD,name=PAPZ::Msg_Destroy) Channel error: cannot send/recv

JavaScript error: resource://gre/actors/BrowserElementParent.jsm, line 314: TypeError: state is undefined
JavaScript error: , line 0: NS_ERROR_UNEXPECTED: 
JavaScript error: resource://gre/actors/BrowserElementParent.jsm, line 314: TypeError: state is undefined
JavaScript error: , line 0: NS_ERROR_UNEXPECTED: 
A content process crashed and MOZ_CRASHREPORTER_SHUTDOWN is set, shutting down
A content process crashed and MOZ_CRASHREPORTER_SHUTDOWN is set, shutting down
1578840796044	Marionette	INFO	Stopped listening on port 54374
